res：product/P8VxXDMaMf/devices/a
et：1747655214
key：nSsTkWnjFS2Zfbc
3Lz0Dqa1XPbO7b
zOFIUU/z3fv1a0=
methodmd5
Token：version=2018-10-31&res=product%2FP8VxXDMaMf%2Fdevices%2Fa&et=1747655214&method=md5&sign=lyurPRdLtE1q7QsLwPEA6A%3D%3D


res：product/P8VxXDMaMf/devices/a
et：1747655214
key：nSsTkWnjFS2Zfbc
3Lz0Dqa1XPbO7b
zOFIUU/z3fv1a0=
methodmd5
Token：version=2018-10-31&res=product%2FP8VxXDMaMf%2Fdevices%2Fa&et=1747655214&method=md5&sign=lyurPRdLtE1q7QsLwPEA6A%3D%3D


res：product/P8VxXDMaMf/devices/a
et：1747655214
key：nSsTkWnjFS2Zfbc
3Lz0Dqa1XPbO7b
zOFIUU/z3fv1a0=
methodmd5
Token：version=2018-10-31&res=product%2FP8VxXDMaMf%2Fdevices%2Fa&et=1747655214&method=md5&sign=lyurPRdLtE1q7QsLwPEA6A%3D%3D


res：product/P8VxXDMaMf/devices/a
et：1747655214
key：nSsTkWnjFS2Zfbc
3Lz0Dqa1XPbO7b
zOFIUU/z3fv1a0=
methodmd5
Token：version=2018-10-31&res=product%2FP8VxXDMaMf%2Fdevices%2Fa&et=1747655214&method=md5&sign=lyurPRdLtE1q7QsLwPEA6A%3D%3D


res：product/P8VxXDMaMf/devices/a
et：1747655214
key：nSsTkWnjFS2Zfbc
3Lz0Dqa1XPbO7b
zOFIUU/z3fv1a0=
methodmd5
Token：version=2018-10-31&res=product%2FP8VxXDMaMf%2Fdevices%2Fa&et=1747655214&method=md5&sign=lyurPRdLtE1q7QsLwPEA6A%3D%3D


res：products/P8VxXDMaMf/devices/a
et：2053320694
key：nSsTkWnjFS2Zfbc
3Lz0Dqa1XPbO7b
zOFIUU/z3fv1a0=
methodmd5
Token：version=2018-10-31&res=products%2FP8VxXDMaMf%2Fdevices%2Fa&et=2053320694&method=md5&sign=KrkUGYGK0919qQ4C%2BOEuEA%3D%3D


res：products/P8VxXDMaMf/devices/a
et：2053320694
key：nSsTkWnjFS2Zfbc
3Lz0Dqa1XPbO7b
zOFIUU/z3fv1a0=
methodmd5
Token：version=2018-10-31&res=products%2FP8VxXDMaMf%2Fdevices%2Fa&et=2053320694&method=md5&sign=KrkUGYGK0919qQ4C%2BOEuEA%3D%3D


res：products/P8VxXDMaMf/devices/a
et：2053320694
key：nSsTkWnjFS2Zfbc
3Lz0Dqa1XPbO7b
zOFIUU/z3fv1a0=
methodmd5
Token：version=2018-10-31&res=products%2FP8VxXDMaMf%2Fdevices%2Fa&et=2053320694&method=md5&sign=KrkUGYGK0919qQ4C%2BOEuEA%3D%3D


res：products/P8VxXDMaMf/devices/a
et：2053320694
key：nSsTkWnjFS2Zfbc
3Lz0Dqa1XPbO7b
zOFIUU/z3fv1a0=
methodmd5
Token：version=2018-10-31&res=products%2FP8VxXDMaMf%2Fdevices%2Fa&et=2053320694&method=md5&sign=KrkUGYGK0919qQ4C%2BOEuEA%3D%3D


res：products/P8VxXDMaMf/devices/a
et：2053320694
key：nSsTkWnjFS2Zfbc
3Lz0Dqa1XPbO7b
zOFIUU/z3fv1a0=
methodmd5
Token：version=2018-10-31&res=products%2FP8VxXDMaMf%2Fdevices%2Fa&et=2053320694&method=md5&sign=KrkUGYGK0919qQ4C%2BOEuEA%3D%3D


res：products/P8VxXDMaMf/devices/a
et：2053320694
key：nSsTkWnjFS2Zfbc
3Lz0Dqa1XPbO7b
zOFIUU/z3fv1a0=
methodmd5
Token：version=2018-10-31&res=products%2FP8VxXDMaMf%2Fdevices%2Fa&et=2053320694&method=md5&sign=KrkUGYGK0919qQ4C%2BOEuEA%3D%3D


res：products/P8VxXDMaMf/devices/a
et：2053320694
key：WDIzbFFpbWJwelBadERXd3lpd0tSSEd4SGowWkF3bHQ=
methodmd5
Token：version=2018-10-31&res=products%2FP8VxXDMaMf%2Fdevices%2Fa&et=2053320694&method=md5&sign=aqA94XF07wX%2F%2BQ9UUROB4w%3D%3D


res：product/kr2HSP5Z9J/devices/light
et：1758099867
key：dGVXYzJjRU5ZZEtSQllka0lpOXRPOXdJNGpaTUhrS2k=
methodmd5
Token：version=2018-10-31&res=product%2Fkr2HSP5Z9J%2Fdevices%2Flight&et=1758099867&method=md5&sign=kCiE6BncxZwTgQEz6hlD6g%3D%3D


res：product/kr2HSP5Z9J/devices/light
et：1758099867
key：dGVXYzJjRU5ZZEtSQllka0lpOXRPOXdJNGpaTUhrS2k=
methodmd5
Token：version=2018-10-31&res=product%2Fkr2HSP5Z9J%2Fdevices%2Flight&et=1758099867&method=md5&sign=kCiE6BncxZwTgQEz6hlD6g%3D%3D


res：product/kr2HSP5Z9J/devices/light
et：1758167093
key：dGVXYzJjRU5ZZEtSQllka0lpOXRPOXdJNGpaTUhrS2k=
methodmd5
Token：version=2018-10-31&res=product%2Fkr2HSP5Z9J%2Fdevices%2Flight&et=1758167093&method=md5&sign=arXwztT2m730b8Rw7aMqVg%3D%3D


res：product/kr2HSP5Z9J/devices/light
et：1758167093
key：dGVXYzJjRU5ZZEtSQllka0lpOXRPOXdJNGpaTUhrS2k=
methodmd5
Token：version=2018-10-31&res=product%2Fkr2HSP5Z9J%2Fdevices%2Flight&et=1758167093&method=md5&sign=arXwztT2m730b8Rw7aMqVg%3D%3D


res：product/kr2HSP5Z9J/devices/light
et：1758167093
key：dGVXYzJjRU5ZZEtSQllka0lpOXRPOXdJNGpaTUhrS2k=
methodmd5
Token：version=2018-10-31&res=product%2Fkr2HSP5Z9J%2Fdevices%2Flight&et=1758167093&method=md5&sign=arXwztT2m730b8Rw7aMqVg%3D%3D


res：product/kr2HSP5Z9J/devices/light
et：1758167093
key：dGVXYzJjRU5ZZEtSQllka0lpOXRPOXdJNGpaTUhrS2k=
methodmd5
Token：version=2018-10-31&res=product%2Fkr2HSP5Z9J%2Fdevices%2Flight&et=1758167093&method=md5&sign=arXwztT2m730b8Rw7aMqVg%3D%3D


res：products/kr2HSP5Z9J/devices/light
et：1758167093
key：dGVXYzJjRU5ZZEtSQllka0lpOXRPOXdJNGpaTUhrS2k=
methodmd5
Token：version=2018-10-31&res=products%2Fkr2HSP5Z9J%2Fdevices%2Flight&et=1758167093&method=md5&sign=dTCUXKsZX85Ip4vHMEwKXw%3D%3D


res：products/kr2HSP5Z9J/devices/light
et：1758167093
key：dGVXYzJjRU5ZZEtSQllka0lpOXRPOXdJNGpaTUhrS2k=
methodmd5
Token：version=2018-10-31&res=products%2Fkr2HSP5Z9J%2Fdevices%2Flight&et=1758167093&method=md5&sign=dTCUXKsZX85Ip4vHMEwKXw%3D%3D


res：products/kr2HSP5Z9J/devices/light
et：1758167093
key：dGVXYzJjRU5ZZEtSQllka0lpOXRPOXdJNGpaTUhrS2k=
methodmd5
Token：version=2018-10-31&res=products%2Fkr2HSP5Z9J%2Fdevices%2Flight&et=1758167093&method=md5&sign=dTCUXKsZX85Ip4vHMEwKXw%3D%3D


res：products/kr2HSP5Z9J/devices/Light
et：1758167093
key：dGVXYzJjRU5ZZEtSQllka0lpOXRPOXdJNGpaTUhrS2k=
methodmd5
Token：version=2018-10-31&res=products%2Fkr2HSP5Z9J%2Fdevices%2FLight&et=1758167093&method=md5&sign=tO4mzR%2FmzJEXskLw%2B1Up8g%3D%3D


res：products/kr2HSP5Z9J/devices/Light
et：1758167093
key：dGVXYzJjRU5ZZEtSQllka0lpOXRPOXdJNGpaTUhrS2k=
methodmd5
Token：version=2018-10-31&res=products%2Fkr2HSP5Z9J%2Fdevices%2FLight&et=1758167093&method=md5&sign=tO4mzR%2FmzJEXskLw%2B1Up8g%3D%3D


res：products/kr2HSP5Z9J/devices/Light
et：1758167093
key：dGVXYzJjRU5ZZEtSQllka0lpOXRPOXdJNGpaTUhrS2k=
methodmd5
Token：version=2018-10-31&res=products%2Fkr2HSP5Z9J%2Fdevices%2FLight&et=1758167093&method=md5&sign=tO4mzR%2FmzJEXskLw%2B1Up8g%3D%3D


res：products/kr2HSP5Z9J/devices/Light
et：1758167093
key：dGVXYzJjRU5ZZEtSQllka0lpOXRPOXdJNGpaTUhrS2k=
methodmd5
Token：version=2018-10-31&res=products%2Fkr2HSP5Z9J%2Fdevices%2FLight&et=1758167093&method=md5&sign=tO4mzR%2FmzJEXskLw%2B1Up8g%3D%3D


res：products/kr2HSP5Z9J/devices/Light
et：1758167093
key：dGVXYzJjRU5ZZEtSQllka0lpOXRPOXdJNGpaTUhrS2k=
methodmd5
Token：version=2018-10-31&res=products%2Fkr2HSP5Z9J%2Fdevices%2FLight&et=1758167093&method=md5&sign=tO4mzR%2FmzJEXskLw%2B1Up8g%3D%3D


res：products/kr2HSP5Z9J/devices/Light
et：1758167093
key：dGVXYzJjRU5ZZEtSQllka0lpOXRPOXdJNGpaTUhrS2k=
methodmd5
Token：version=2018-10-31&res=products%2Fkr2HSP5Z9J%2Fdevices%2FLight&et=1758167093&method=md5&sign=tO4mzR%2FmzJEXskLw%2B1Up8g%3D%3D


res：products/kr2HSP5Z9J/devices/Light
et：1758167093
key：dGVXYzJjRU5ZZEtSQllka0lpOXRPOXdJNGpaTUhrS2k=
methodmd5
Token：version=2018-10-31&res=products%2Fkr2HSP5Z9J%2Fdevices%2FLight&et=1758167093&method=md5&sign=tO4mzR%2FmzJEXskLw%2B1Up8g%3D%3D


res：products/kr2HSP5Z9J/devices/light
et：1758167093
key：dGVXYzJjRU5ZZEtSQllka0lpOXRPOXdJNGpaTUhrS2k=
methodmd5
Token：version=2018-10-31&res=products%2Fkr2HSP5Z9J%2Fdevices%2Flight&et=1758167093&method=md5&sign=dTCUXKsZX85Ip4vHMEwKXw%3D%3D


res：products/kr2HSP5Z9J/devices/light
et：1758167093
key：dGVXYzJjRU5ZZEtSQllka0lpOXRPOXdJNGpaTUhrS2k=
methodmd5
Token：version=2018-10-31&res=products%2Fkr2HSP5Z9J%2Fdevices%2Flight&et=1758167093&method=md5&sign=dTCUXKsZX85Ip4vHMEwKXw%3D%3D


res：products/kr2HSP5Z9J/devices/light
et：1758167093
key：dGVXYzJjRU5ZZEtSQllka0lpOXRPOXdJNGpaTUhrS2k=
methodsha1
Token：version=2018-10-31&res=products%2Fkr2HSP5Z9J%2Fdevices%2Flight&et=1758167093&method=sha1&sign=I%2BR1i2IA2Fy7V%2FUREcEH9u4nKA4%3D


res：products/kr2HSP5Z9J/devices/light
et：1758167093
key：dGVXYzJjRU5ZZEtSQllka0lpOXRPOXdJNGpaTUhrS2k=
methodmd5
Token：version=2018-10-31&res=products%2Fkr2HSP5Z9J%2Fdevices%2Flight&et=1758167093&method=md5&sign=dTCUXKsZX85Ip4vHMEwKXw%3D%3D


res：products/kr2HSP5Z9J/devices/light
et：1758167093
key：dGVXYzJjRU5ZZEtSQllka0lpOXRPOXdJNGpaTUhrS2k=
methodmd5
Token：version=2018-10-31&res=products%2Fkr2HSP5Z9J%2Fdevices%2Flight&et=1758167093&method=md5&sign=dTCUXKsZX85Ip4vHMEwKXw%3D%3D


res：products/kr2HSP5Z9J/devices/light
et：1758167093
key：dGVXYzJjRU5ZZEtSQllka0lpOXRPOXdJNGpaTUhrS2k=
methodmd5
Token：version=2018-10-31&res=products%2Fkr2HSP5Z9J%2Fdevices%2Flight&et=1758167093&method=md5&sign=dTCUXKsZX85Ip4vHMEwKXw%3D%3D


res：products/kr2HSP5Z9J/devices/light
et：1758167093
key：dGVXYzJjRU5ZZEtSQllka0lpOXRPOXdJNGpaTUhrS2k=
methodmd5
Token：version=2018-10-31&res=products%2Fkr2HSP5Z9J%2Fdevices%2Flight&et=1758167093&method=md5&sign=dTCUXKsZX85Ip4vHMEwKXw%3D%3D


res：products/kr2HSP5Z9J/devices/light
et：1758167093
key：dGVXYzJjRU5ZZEtSQllka0lpOXRPOXdJNGpaTUhrS2k=
methodmd5
Token：version=2018-10-31&res=products%2Fkr2HSP5Z9J%2Fdevices%2Flight&et=1758167093&method=md5&sign=dTCUXKsZX85Ip4vHMEwKXw%3D%3D


res：products/kr2HSP5Z9J/devices/light
et：1789707548
key：dGVXYzJjRU5ZZEtSQllka0lpOXRPOXdJNGpaTUhrS2k=
methodmd5
Token：version=2018-10-31&res=products%2Fkr2HSP5Z9J%2Fdevices%2Flight&et=1789707548&method=md5&sign=3DE909aUgUc14pf9rVSpTg%3D%3D


